#
# A fatal error has been detected by the Java Runtime Environment:
#
#  Internal Error (classFileParser.cpp:3494), pid=4681, tid=139963201636096
#  Error: ShouldNotReachHere()
#
# JRE version: 6.0_29-b11
# Java VM: Java HotSpot(TM) 64-Bit Server VM (20.4-b02 mixed mode linux-amd64 compressed oops)
# If you would like to submit a bug report, please visit:
#   http://java.sun.com/webapps/bugreport/crash.jsp
#

---------------  T H R E A D  ---------------

Current thread (0x0000000041a36800):  JavaThread "Unknown thread" [_thread_in_vm, id=4686, stack(0x00007f4bb8da4000,0x00007f4bb8ea5000)]

Stack: [0x00007f4bb8da4000,0x00007f4bb8ea5000],  sp=0x00007f4bb8ea3130,  free space=1020k
Native frames: (J=compiled Java code, j=interpreted, Vv=VM code, C=native code)
V  [libjvm.so+0x85eb55]  VMError::report_and_die()+0x265
V  [libjvm.so+0x3e4216]  report_should_not_reach_here(char const*, int)+0x46
V  [libjvm.so+0x36d5ab]  ClassFileParser::parseClassFile(symbolHandle, Handle, Handle, KlassHandle, GrowableArray<Handle>*, symbolHandle&, bool, Thread*)+0x2b8b
V  [libjvm.so+0x373a3f]  ClassLoader::load_classfile(symbolHandle, Thread*)+0x22f
V  [libjvm.so+0x7eb90f]  SystemDictionary::load_instance_class(symbolHandle, Handle, Thread*)+0xef
V  [libjvm.so+0x7e98f5]  SystemDictionary::resolve_instance_class_or_null(symbolHandle, Handle, Handle, Thread*)+0x575
V  [libjvm.so+0x7e8681]  SystemDictionary::resolve_or_null(symbolHandle, Handle, Handle, Thread*)+0x81
V  [libjvm.so+0x7e8294]  SystemDictionary::resolve_or_fail(symbolHandle, Handle, Handle, bool, Thread*)+0x34
V  [libjvm.so+0x7ed110]  SystemDictionary::initialize_wk_klass(SystemDictionary::WKID, int, Thread*)+0x70
V  [libjvm.so+0x7ed1a5]  SystemDictionary::initialize_wk_klasses_until(SystemDictionary::WKID, SystemDictionary::WKID&, Thread*)+0x45
V  [libjvm.so+0x7ed285]  SystemDictionary::initialize_preloaded_classes(Thread*)+0x75
V  [libjvm.so+0x7ed038]  SystemDictionary::initialize(Thread*)+0xd8
V  [libjvm.so+0x834a78]  Universe::genesis(Thread*)+0x598
V  [libjvm.so+0x836989]  universe2_init()+0x29
V  [libjvm.so+0x4ac3bc]  init_globals()+0x8c
V  [libjvm.so+0x81cd24]  Threads::create_vm(JavaVMInitArgs*, bool*)+0x214
V  [libjvm.so+0x51a5f0]  JNI_CreateJavaVM+0x80


---------------  P R O C E S S  ---------------

Java Threads: ( => current thread )

Other Threads:

=>0x0000000041a36800 (exited) JavaThread "Unknown thread" [_thread_in_vm, id=4686, stack(0x00007f4bb8da4000,0x00007f4bb8ea5000)]

VM state:not at safepoint (not fully initialized)

VM Mutex/Monitor currently owned by a thread: None

Dynamic libraries:
40000000-40009000 r-xp 00000000 08:01 21635330                           /opt/jdk1.6.0_29/bin/java
40108000-4010a000 rwxp 00008000 08:01 21635330                           /opt/jdk1.6.0_29/bin/java
41a2e000-41aa2000 rwxp 00000000 00:00 0                                  [heap]
82e00000-842c0000 rwxp 00000000 00:00 0 
842c0000-88000000 rwxp 00000000 00:00 0 
88000000-8d000000 rwxp 00000000 00:00 0 
8d000000-d8000000 rwxp 00000000 00:00 0 
d8000000-da7f0000 rwxp 00000000 00:00 0 
da7f0000-100000000 rwxp 00000000 00:00 0 
7f4bb44ea000-7f4bb454f000 r-xs 004cb000 08:01 27398447                   /home/lucas/android-sdks/platforms/android-8/android.jar
7f4bb454f000-7f4bb4577000 rwxp 00000000 00:00 0 
7f4bb4577000-7f4bb4578000 ---p 00000000 00:00 0 
7f4bb4578000-7f4bb4678000 rwxp 00000000 00:00 0 
7f4bb4678000-7f4bb4679000 ---p 00000000 00:00 0 
7f4bb4679000-7f4bb4779000 rwxp 00000000 00:00 0 
7f4bb4779000-7f4bb477a000 ---p 00000000 00:00 0 
7f4bb477a000-7f4bb487a000 rwxp 00000000 00:00 0 
7f4bb487a000-7f4bb487b000 ---p 00000000 00:00 0 
7f4bb487b000-7f4bb4986000 rwxp 00000000 00:00 0 
7f4bb4986000-7f4bb49a4000 rwxp 00000000 00:00 0 
7f4bb49a4000-7f4bb49cc000 rwxp 00000000 00:00 0 
7f4bb49cc000-7f4bb4c24000 rwxp 00000000 00:00 0 
7f4bb4c24000-7f4bb4c2f000 rwxp 00000000 00:00 0 
7f4bb4c2f000-7f4bb4c4d000 rwxp 00000000 00:00 0 
7f4bb4c4d000-7f4bb4c75000 rwxp 00000000 00:00 0 
7f4bb4c75000-7f4bb4ecd000 rwxp 00000000 00:00 0 
7f4bb4ecd000-7f4bb4ee1000 rwxp 00000000 00:00 0 
7f4bb4ee1000-7f4bb500d000 rwxp 00000000 00:00 0 
7f4bb500d000-7f4bb527e000 rwxp 00000000 00:00 0 
7f4bb527e000-7f4bb800e000 rwxp 00000000 00:00 0 
7f4bb800e000-7f4bb801c000 r-xp 00000000 08:01 21635979                   /opt/jdk1.6.0_29/jre/lib/amd64/libzip.so
7f4bb801c000-7f4bb811e000 ---p 0000e000 08:01 21635979                   /opt/jdk1.6.0_29/jre/lib/amd64/libzip.so
7f4bb811e000-7f4bb8121000 rwxp 00010000 08:01 21635979                   /opt/jdk1.6.0_29/jre/lib/amd64/libzip.so
7f4bb8121000-7f4bb8122000 rwxp 00000000 00:00 0 
7f4bb8122000-7f4bb812e000 r-xp 00000000 08:01 29101740                   /lib/x86_64-linux-gnu/libnss_files-2.13.so
7f4bb812e000-7f4bb832d000 ---p 0000c000 08:01 29101740                   /lib/x86_64-linux-gnu/libnss_files-2.13.so
7f4bb832d000-7f4bb832e000 r-xp 0000b000 08:01 29101740                   /lib/x86_64-linux-gnu/libnss_files-2.13.so
7f4bb832e000-7f4bb832f000 rwxp 0000c000 08:01 29101740                   /lib/x86_64-linux-gnu/libnss_files-2.13.so
7f4bb832f000-7f4bb833a000 r-xp 00000000 08:01 29101744                   /lib/x86_64-linux-gnu/libnss_nis-2.13.so
7f4bb833a000-7f4bb8539000 ---p 0000b000 08:01 29101744                   /lib/x86_64-linux-gnu/libnss_nis-2.13.so
7f4bb8539000-7f4bb853a000 r-xp 0000a000 08:01 29101744                   /lib/x86_64-linux-gnu/libnss_nis-2.13.so
7f4bb853a000-7f4bb853b000 rwxp 0000b000 08:01 29101744                   /lib/x86_64-linux-gnu/libnss_nis-2.13.so
7f4bb853b000-7f4bb8543000 r-xp 00000000 08:01 29101736                   /lib/x86_64-linux-gnu/libnss_compat-2.13.so
7f4bb8543000-7f4bb8742000 ---p 00008000 08:01 29101736                   /lib/x86_64-linux-gnu/libnss_compat-2.13.so
7f4bb8742000-7f4bb8743000 r-xp 00007000 08:01 29101736                   /lib/x86_64-linux-gnu/libnss_compat-2.13.so
7f4bb8743000-7f4bb8744000 rwxp 00008000 08:01 29101736                   /lib/x86_64-linux-gnu/libnss_compat-2.13.so
7f4bb8744000-7f4bb875b000 r-xp 00000000 08:01 29101734                   /lib/x86_64-linux-gnu/libnsl-2.13.so
7f4bb875b000-7f4bb895a000 ---p 00017000 08:01 29101734                   /lib/x86_64-linux-gnu/libnsl-2.13.so
7f4bb895a000-7f4bb895b000 r-xp 00016000 08:01 29101734                   /lib/x86_64-linux-gnu/libnsl-2.13.so
7f4bb895b000-7f4bb895c000 rwxp 00017000 08:01 29101734                   /lib/x86_64-linux-gnu/libnsl-2.13.so
7f4bb895c000-7f4bb895e000 rwxp 00000000 00:00 0 
7f4bb895e000-7f4bb8987000 r-xp 00000000 08:01 21635992                   /opt/jdk1.6.0_29/jre/lib/amd64/libjava.so
7f4bb8987000-7f4bb8a86000 ---p 00029000 08:01 21635992                   /opt/jdk1.6.0_29/jre/lib/amd64/libjava.so
7f4bb8a86000-7f4bb8a8d000 rwxp 00028000 08:01 21635992                   /opt/jdk1.6.0_29/jre/lib/amd64/libjava.so
7f4bb8a8d000-7f4bb8a9a000 r-xp 00000000 08:01 21635974                   /opt/jdk1.6.0_29/jre/lib/amd64/libverify.so
7f4bb8a9a000-7f4bb8b99000 ---p 0000d000 08:01 21635974                   /opt/jdk1.6.0_29/jre/lib/amd64/libverify.so
7f4bb8b99000-7f4bb8b9c000 rwxp 0000c000 08:01 21635974                   /opt/jdk1.6.0_29/jre/lib/amd64/libverify.so
7f4bb8b9c000-7f4bb8ba3000 r-xp 00000000 08:01 29101763                   /lib/x86_64-linux-gnu/librt-2.13.so
7f4bb8ba3000-7f4bb8da2000 ---p 00007000 08:01 29101763                   /lib/x86_64-linux-gnu/librt-2.13.so
7f4bb8da2000-7f4bb8da3000 r-xp 00006000 08:01 29101763                   /lib/x86_64-linux-gnu/librt-2.13.so
7f4bb8da3000-7f4bb8da4000 rwxp 00007000 08:01 29101763                   /lib/x86_64-linux-gnu/librt-2.13.so
7f4bb8da4000-7f4bb8da7000 ---p 00000000 00:00 0 
7f4bb8da7000-7f4bb8ea5000 rwxp 00000000 00:00 0 
7f4bb8ea5000-7f4bb8f29000 r-xp 00000000 08:01 29101731                   /lib/x86_64-linux-gnu/libm-2.13.so
7f4bb8f29000-7f4bb9128000 ---p 00084000 08:01 29101731                   /lib/x86_64-linux-gnu/libm-2.13.so
7f4bb9128000-7f4bb9129000 r-xp 00083000 08:01 29101731                   /lib/x86_64-linux-gnu/libm-2.13.so
7f4bb9129000-7f4bb912a000 rwxp 00084000 08:01 29101731                   /lib/x86_64-linux-gnu/libm-2.13.so
7f4bb912a000-7f4bb9a44000 r-xp 00000000 08:01 21635999                   /opt/jdk1.6.0_29/jre/lib/amd64/server/libjvm.so
7f4bb9a44000-7f4bb9b46000 ---p 0091a000 08:01 21635999                   /opt/jdk1.6.0_29/jre/lib/amd64/server/libjvm.so
7f4bb9b46000-7f4bb9cfb000 rwxp 0091c000 08:01 21635999                   /opt/jdk1.6.0_29/jre/lib/amd64/server/libjvm.so
7f4bb9cfb000-7f4bb9d35000 rwxp 00000000 00:00 0 
7f4bb9d35000-7f4bb9ebf000 r-xp 00000000 08:01 29101694                   /lib/x86_64-linux-gnu/libc-2.13.so
7f4bb9ebf000-7f4bba0be000 ---p 0018a000 08:01 29101694                   /lib/x86_64-linux-gnu/libc-2.13.so
7f4bba0be000-7f4bba0c2000 r-xp 00189000 08:01 29101694                   /lib/x86_64-linux-gnu/libc-2.13.so
7f4bba0c2000-7f4bba0c3000 rwxp 0018d000 08:01 29101694                   /lib/x86_64-linux-gnu/libc-2.13.so
7f4bba0c3000-7f4bba0c9000 rwxp 00000000 00:00 0 
7f4bba0c9000-7f4bba0cb000 r-xp 00000000 08:01 29101704                   /lib/x86_64-linux-gnu/libdl-2.13.so
7f4bba0cb000-7f4bba2cb000 ---p 00002000 08:01 29101704                   /lib/x86_64-linux-gnu/libdl-2.13.so
7f4bba2cb000-7f4bba2cc000 r-xp 00002000 08:01 29101704                   /lib/x86_64-linux-gnu/libdl-2.13.so
7f4bba2cc000-7f4bba2cd000 rwxp 00003000 08:01 29101704                   /lib/x86_64-linux-gnu/libdl-2.13.so
7f4bba2cd000-7f4bba2e5000 r-xp 00000000 08:01 29101759                   /lib/x86_64-linux-gnu/libpthread-2.13.so
7f4bba2e5000-7f4bba4e5000 ---p 00018000 08:01 29101759                   /lib/x86_64-linux-gnu/libpthread-2.13.so
7f4bba4e5000-7f4bba4e6000 r-xp 00018000 08:01 29101759                   /lib/x86_64-linux-gnu/libpthread-2.13.so
7f4bba4e6000-7f4bba4e7000 rwxp 00019000 08:01 29101759                   /lib/x86_64-linux-gnu/libpthread-2.13.so
7f4bba4e7000-7f4bba4eb000 rwxp 00000000 00:00 0 
7f4bba4eb000-7f4bba50c000 r-xp 00000000 08:01 29101681                   /lib/x86_64-linux-gnu/ld-2.13.so
7f4bba519000-7f4bba523000 rwxp 00000000 00:00 0 
7f4bba523000-7f4bba5d9000 rwxp 00000000 00:00 0 
7f4bba5d9000-7f4bba5dc000 rwxp 00000000 00:00 0 
7f4bba5dc000-7f4bba5e3000 r-xp 00000000 08:01 21635964                   /opt/jdk1.6.0_29/jre/lib/amd64/jli/libjli.so
7f4bba5e3000-7f4bba6e4000 ---p 00007000 08:01 21635964                   /opt/jdk1.6.0_29/jre/lib/amd64/jli/libjli.so
7f4bba6e4000-7f4bba6e6000 rwxp 00008000 08:01 21635964                   /opt/jdk1.6.0_29/jre/lib/amd64/jli/libjli.so
7f4bba6e6000-7f4bba6e7000 rwxp 00000000 00:00 0 
7f4bba6ff000-7f4bba707000 rwxs 00000000 08:01 13765460                   /tmp/hsperfdata_lucas/4681
7f4bba707000-7f4bba708000 rwxp 00000000 00:00 0 
7f4bba708000-7f4bba709000 r-xp 00000000 00:00 0 
7f4bba709000-7f4bba70b000 rwxp 00000000 00:00 0 
7f4bba70b000-7f4bba70c000 r-xp 00020000 08:01 29101681                   /lib/x86_64-linux-gnu/ld-2.13.so
7f4bba70c000-7f4bba70e000 rwxp 00021000 08:01 29101681                   /lib/x86_64-linux-gnu/ld-2.13.so
7fff9814f000-7fff98170000 rwxp 00000000 00:00 0                          [stack]
7fff981ff000-7fff98200000 r-xp 00000000 00:00 0                          [vdso]
ffffffffff600000-ffffffffff601000 r-xp 00000000 00:00 0                  [vsyscall]

VM Arguments:
jvm_args: -Dfile.encoding=UTF-8 -Xbootclasspath:/home/lucas/android-sdks/platforms/android-8/android.jar 
java_command: ar.com.ceritdumbre.android.app.animalsbeingdicks.AndroidSaxFeedParser
Launcher Type: SUN_STANDARD

Environment Variables:
JAVA_HOME=/opt/jdk1.6.0_29
PATH=/usr/local/sbin:/usr/local/bin:/usr/sbin:/usr/bin:/sbin:/bin:/usr/games:/opt/jdk1.6.0_29/bin:/opt/apache-maven-3.0.3/bin
USERNAME=lucas
LD_LIBRARY_PATH=/opt/jdk1.6.0_29/jre/lib/amd64/server:/opt/jdk1.6.0_29/jre/lib/amd64:/opt/jdk1.6.0_29/jre/../lib/amd64
SHELL=/bin/bash
DISPLAY=:0.0

Signal Handlers:
SIGSEGV: [libjvm.so+0x85f780], sa_mask[0]=0x7ffbfeff, sa_flags=0x10000004
SIGBUS: [libjvm.so+0x85f780], sa_mask[0]=0x7ffbfeff, sa_flags=0x10000004
SIGFPE: [libjvm.so+0x70e3b0], sa_mask[0]=0x7ffbfeff, sa_flags=0x10000004
SIGPIPE: [libjvm.so+0x70e3b0], sa_mask[0]=0x7ffbfeff, sa_flags=0x10000004
SIGXFSZ: [libjvm.so+0x70e3b0], sa_mask[0]=0x7ffbfeff, sa_flags=0x10000004
SIGILL: [libjvm.so+0x70e3b0], sa_mask[0]=0x7ffbfeff, sa_flags=0x10000004
SIGUSR1: SIG_DFL, sa_mask[0]=0x00000000, sa_flags=0x00000000
SIGUSR2: [libjvm.so+0x7111c0], sa_mask[0]=0x00000004, sa_flags=0x10000004
SIGHUP: SIG_DFL, sa_mask[0]=0x00000000, sa_flags=0x00000000
SIGINT: SIG_DFL, sa_mask[0]=0x00000000, sa_flags=0x00000000
SIGTERM: SIG_DFL, sa_mask[0]=0x00000000, sa_flags=0x00000000
SIGQUIT: SIG_DFL, sa_mask[0]=0x00000000, sa_flags=0x00000000


---------------  S Y S T E M  ---------------

OS:squeeze/sid

uname:Linux 2.6.38-13-generic #55-Ubuntu SMP Tue Jan 24 15:34:24 UTC 2012 x86_64
libc:glibc 2.13 NPTL 2.13 
rlimit: STACK 8192k, CORE 0k, NPROC infinity, NOFILE 4096, AS infinity
load average:0.17 0.37 0.46

/proc/meminfo:
MemTotal:        7858720 kB
MemFree:         2942048 kB
Buffers:          359592 kB
Cached:          2454408 kB
SwapCached:            0 kB
Active:          2426444 kB
Inactive:        1988320 kB
Active(anon):    1642280 kB
Inactive(anon):   234960 kB
Active(file):     784164 kB
Inactive(file):  1753360 kB
Unevictable:          32 kB
Mlocked:              32 kB
SwapTotal:      19634172 kB
SwapFree:       19634172 kB
Dirty:               840 kB
Writeback:             0 kB
AnonPages:       1601200 kB
Mapped:           331712 kB
Shmem:            276480 kB
Slab:             249068 kB
SReclaimable:     216436 kB
SUnreclaim:        32632 kB
KernelStack:        3888 kB
PageTables:        40384 kB
NFS_Unstable:          0 kB
Bounce:                0 kB
WritebackTmp:          0 kB
CommitLimit:    23563532 kB
Committed_AS:    5546936 kB
VmallocTotal:   34359738367 kB
VmallocUsed:      584260 kB
VmallocChunk:   34359144484 kB
HardwareCorrupted:     0 kB
HugePages_Total:       0
HugePages_Free:        0
HugePages_Rsvd:        0
HugePages_Surp:        0
Hugepagesize:       2048 kB
DirectMap4k:       86016 kB
DirectMap2M:     8032256 kB


CPU:total 4 (2 cores per cpu, 2 threads per core) family 6 model 37 stepping 5, cmov, cx8, fxsr, mmx, sse, sse2, sse3, ssse3, sse4.1, sse4.2, popcnt, ht

/proc/cpuinfo:
processor	: 0
vendor_id	: GenuineIntel
cpu family	: 6
model		: 37
model name	: Intel(R) Core(TM) i5 CPU       M 450  @ 2.40GHz
stepping	: 5
cpu MHz		: 2399.000
cache size	: 3072 KB
physical id	: 0
siblings	: 4
core id		: 0
cpu cores	: 2
apicid		: 0
initial apicid	: 0
fpu		: yes
fpu_exception	: yes
cpuid level	: 11
wp		: yes
flags		: fpu vme de pse tsc msr pae mce cx8 apic sep mtrr pge mca cmov pat pse36 clflush dts acpi mmx fxsr sse sse2 ss ht tm pbe syscall nx rdtscp lm constant_tsc arch_perfmon pebs bts rep_good nopl xtopology nonstop_tsc aperfmperf pni dtes64 monitor ds_cpl vmx est tm2 ssse3 cx16 xtpr pdcm sse4_1 sse4_2 popcnt lahf_lm arat dts tpr_shadow vnmi flexpriority ept vpid
bogomips	: 4788.28
clflush size	: 64
cache_alignment	: 64
address sizes	: 36 bits physical, 48 bits virtual
power management:

processor	: 1
vendor_id	: GenuineIntel
cpu family	: 6
model		: 37
model name	: Intel(R) Core(TM) i5 CPU       M 450  @ 2.40GHz
stepping	: 5
cpu MHz		: 2399.000
cache size	: 3072 KB
physical id	: 0
siblings	: 4
core id		: 0
cpu cores	: 2
apicid		: 1
initial apicid	: 1
fpu		: yes
fpu_exception	: yes
cpuid level	: 11
wp		: yes
flags		: fpu vme de pse tsc msr pae mce cx8 apic sep mtrr pge mca cmov pat pse36 clflush dts acpi mmx fxsr sse sse2 ss ht tm pbe syscall nx rdtscp lm constant_tsc arch_perfmon pebs bts rep_good nopl xtopology nonstop_tsc aperfmperf pni dtes64 monitor ds_cpl vmx est tm2 ssse3 cx16 xtpr pdcm sse4_1 sse4_2 popcnt lahf_lm arat dts tpr_shadow vnmi flexpriority ept vpid
bogomips	: 4788.83
clflush size	: 64
cache_alignment	: 64
address sizes	: 36 bits physical, 48 bits virtual
power management:

processor	: 2
vendor_id	: GenuineIntel
cpu family	: 6
model		: 37
model name	: Intel(R) Core(TM) i5 CPU       M 450  @ 2.40GHz
stepping	: 5
cpu MHz		: 2399.000
cache size	: 3072 KB
physical id	: 0
siblings	: 4
core id		: 2
cpu cores	: 2
apicid		: 4
initial apicid	: 4
fpu		: yes
fpu_exception	: yes
cpuid level	: 11
wp		: yes
flags		: fpu vme de pse tsc msr pae mce cx8 apic sep mtrr pge mca cmov pat pse36 clflush dts acpi mmx fxsr sse sse2 ss ht tm pbe syscall nx rdtscp lm constant_tsc arch_perfmon pebs bts rep_good nopl xtopology nonstop_tsc aperfmperf pni dtes64 monitor ds_cpl vmx est tm2 ssse3 cx16 xtpr pdcm sse4_1 sse4_2 popcnt lahf_lm arat dts tpr_shadow vnmi flexpriority ept vpid
bogomips	: 4788.86
clflush size	: 64
cache_alignment	: 64
address sizes	: 36 bits physical, 48 bits virtual
power management:

processor	: 3
vendor_id	: GenuineIntel
cpu family	: 6
model		: 37
model name	: Intel(R) Core(TM) i5 CPU       M 450  @ 2.40GHz
stepping	: 5
cpu MHz		: 2399.000
cache size	: 3072 KB
physical id	: 0
siblings	: 4
core id		: 2
cpu cores	: 2
apicid		: 5
initial apicid	: 5
fpu		: yes
fpu_exception	: yes
cpuid level	: 11
wp		: yes
flags		: fpu vme de pse tsc msr pae mce cx8 apic sep mtrr pge mca cmov pat pse36 clflush dts acpi mmx fxsr sse sse2 ss ht tm pbe syscall nx rdtscp lm constant_tsc arch_perfmon pebs bts rep_good nopl xtopology nonstop_tsc aperfmperf pni dtes64 monitor ds_cpl vmx est tm2 ssse3 cx16 xtpr pdcm sse4_1 sse4_2 popcnt lahf_lm arat dts tpr_shadow vnmi flexpriority ept vpid
bogomips	: 4788.88
clflush size	: 64
cache_alignment	: 64
address sizes	: 36 bits physical, 48 bits virtual
power management:



Memory: 4k page, physical 7858720k(2942048k free), swap 19634172k(19634172k free)

vm_info: Java HotSpot(TM) 64-Bit Server VM (20.4-b02) for linux-amd64 JRE (1.6.0_29-b11), built on Oct  3 2011 01:19:20 by "java_re" with gcc 3.2.2 (SuSE Linux)

time: Thu Feb 23 10:17:02 2012
elapsed time: 0 seconds

